[debug] [2022-02-23T13:56:56.786Z] ----------------------------------------------------------------------
[debug] [2022-02-23T13:56:56.801Z] Command:       C:\Program Files\nodejs\node.exe C:\Users\cvmka\AppData\Roaming\npm\node_modules\firebase-tools\lib\bin\firebase.js emulators:start
[debug] [2022-02-23T13:56:56.802Z] CLI Version:   10.2.0
[debug] [2022-02-23T13:56:56.802Z] Platform:      win32
[debug] [2022-02-23T13:56:56.802Z] Node Version:  v14.18.0
[debug] [2022-02-23T13:56:56.947Z] Time:          Wed Feb 23 2022 19:26:56 GMT+0530 (India Standard Time)
[debug] [2022-02-23T13:56:56.948Z] ----------------------------------------------------------------------
[debug] 
[debug] [2022-02-23T13:56:57.177Z] > command requires scopes: ["email","openid","https://www.googleapis.com/auth/cloudplatformprojects.readonly","https://www.googleapis.com/auth/firebase","https://www.googleapis.com/auth/cloud-platform"]
[debug] [2022-02-23T13:56:57.178Z] > authorizing via signed-in user (cvmkail@gmail.com)
[info] i  emulators: Starting emulators: functions {"metadata":{"emulator":{"name":"hub"},"message":"Starting emulators: functions"}}
[debug] [2022-02-23T13:56:57.601Z] [hub] writing locator at C:\Users\cvmka\AppData\Local\Temp\hub-food-hub-eca2e.json
[warn] !  functions: The following emulators are not running, calls to these services from the Functions emulator will affect production: auth, firestore, database, hosting, pubsub, storage {"metadata":{"emulator":{"name":"functions"},"message":"The following emulators are not running, calls to these services from the Functions emulator will affect production: \u001b[1mauth, firestore, database, hosting, pubsub, storage\u001b[22m"}}
[warn] !  Your requested "node" version "16" doesn't match your global version "14". Using node@14 from host. {"metadata":{"emulator":{"name":"functions"},"message":"Your requested \"node\" version \"16\" doesn't match your global version \"14\". Using node@14 from host."}}
[debug] [2022-02-23T13:56:59.236Z] defaultcredentials: writing to file C:\Users\cvmka\AppData\Roaming\firebase\cvmkail_gmail_com_application_default_credentials.json
[debug] [2022-02-23T13:56:59.239Z] Setting GAC to C:\Users\cvmka\AppData\Roaming\firebase\cvmkail_gmail_com_application_default_credentials.json {"metadata":{"emulator":{"name":"functions"},"message":"Setting GAC to C:\\Users\\cvmka\\AppData\\Roaming\\firebase\\cvmkail_gmail_com_application_default_credentials.json"}}
[debug] [2022-02-23T13:56:59.257Z] >>> [apiv2][query] GET https://firebase.googleapis.com/v1beta1/projects/food-hub-eca2e/adminSdkConfig [none]
[debug] [2022-02-23T13:57:00.036Z] <<< [apiv2][status] GET https://firebase.googleapis.com/v1beta1/projects/food-hub-eca2e/adminSdkConfig 200
[debug] [2022-02-23T13:57:00.037Z] <<< [apiv2][body] GET https://firebase.googleapis.com/v1beta1/projects/food-hub-eca2e/adminSdkConfig {"projectId":"food-hub-eca2e","storageBucket":"food-hub-eca2e.appspot.com"}
[debug] [2022-02-23T13:57:00.093Z] Ignoring unsupported arg: auto_download {"metadata":{"emulator":{"name":"ui"},"message":"Ignoring unsupported arg: auto_download"}}
[debug] [2022-02-23T13:57:00.094Z] Ignoring unsupported arg: port {"metadata":{"emulator":{"name":"ui"},"message":"Ignoring unsupported arg: port"}}
[debug] [2022-02-23T13:57:00.094Z] Starting Emulator UI with command {"binary":"node","args":["C:\\Users\\cvmka\\.cache\\firebase\\emulators\\ui-v1.6.4\\server.bundle.js"],"optionalArgs":[],"joinArgs":false} {"metadata":{"emulator":{"name":"ui"},"message":"Starting Emulator UI with command {\"binary\":\"node\",\"args\":[\"C:\\\\Users\\\\cvmka\\\\.cache\\\\firebase\\\\emulators\\\\ui-v1.6.4\\\\server.bundle.js\"],\"optionalArgs\":[],\"joinArgs\":false}"}}
[info] i  ui: Emulator UI logging to ui-debug.log {"metadata":{"emulator":{"name":"ui"},"message":"Emulator UI logging to \u001b[1mui-debug.log\u001b[22m"}}
[debug] [2022-02-23T13:57:00.460Z] Web / API server started at localhost:4000
 {"metadata":{"emulator":{"name":"ui"},"message":"Web / API server started at localhost:4000\n"}}
[info] i  functions: Watching "C:\Users\cvmka\OneDrive\Desktop\VScode Folders\Node Projects\royale\functions" for Cloud Functions... {"metadata":{"emulator":{"name":"functions"},"message":"Watching \"C:\\Users\\cvmka\\OneDrive\\Desktop\\VScode Folders\\Node Projects\\royale\\functions\" for Cloud Functions..."}}
[debug] [2022-02-23T13:57:00.689Z] Validating nodejs source
[debug] [2022-02-23T13:57:39.673Z] > [functions] package.json contents: {
  "name": "functions",
  "description": "Cloud Functions for Firebase",
  "scripts": {
    "lint": "eslint .",
    "serve": "firebase emulators:start --only functions",
    "shell": "firebase functions:shell",
    "start": "npm run shell",
    "deploy": "firebase deploy --only functions",
    "logs": "firebase functions:log"
  },
  "engines": {
    "node": "16"
  },
  "main": "index.js",
  "dependencies": {
    "cors": "^2.8.5",
    "express": "^4.17.3",
    "firebase-admin": "^9.8.0",
    "firebase-functions": "^3.14.1",
    "stripe": "^8.203.0"
  },
  "devDependencies": {
    "eslint": "^7.6.0",
    "eslint-config-google": "^0.14.0",
    "firebase-functions-test": "^0.2.0"
  },
  "private": true
}
[debug] [2022-02-23T13:57:39.674Z] Building nodejs source
[debug] [2022-02-23T13:57:39.674Z] Analyzing nodejs backend spec
[info] +  functions[us-central1-api]: http function initialized (http://localhost:5001/food-hub-eca2e/us-central1/api). {"metadata":{"emulator":{"name":"functions"},"message":"\u001b[1mhttp\u001b[22m function initialized (http://localhost:5001/food-hub-eca2e/us-central1/api)."}}
[info] 
┌─────────────────────────────────────────────────────────────┐
│ ✔  All emulators ready! It is now safe to connect your app. │
│ i  View Emulator UI at http://localhost:4000                │
└─────────────────────────────────────────────────────────────┘

┌───────────┬────────────────┬─────────────────────────────────┐
│ Emulator  │ Host:Port      │ View in Emulator UI             │
├───────────┼────────────────┼─────────────────────────────────┤
│ Functions │ localhost:5001 │ http://localhost:4000/functions │
└───────────┴────────────────┴─────────────────────────────────┘
  Emulator Hub running at localhost:4400
  Other reserved ports: 4500

Issues? Report them at https://github.com/firebase/firebase-tools/issues and attach the *-debug.log files.
 
[debug] [2022-02-23T14:00:14.324Z] [work-queue] {"queueLength":1,"workRunningCount":0}
[debug] [2022-02-23T14:00:14.326Z] [work-queue] {"queueLength":0,"workRunningCount":1}
[debug] [2022-02-23T14:00:14.329Z] Accepted request GET /food-hub-eca2e/us-central1/api --> us-central1-api
[debug] [2022-02-23T14:00:14.573Z] [worker-pool] addWorker(us-central1-api) {"metadata":{"emulator":{"name":"functions"},"message":"[worker-pool] addWorker(us-central1-api)"}}
[debug] [2022-02-23T14:00:14.574Z] [worker-pool] Adding worker with key us-central1-api, total=1 {"metadata":{"emulator":{"name":"functions"},"message":"[worker-pool] Adding worker with key us-central1-api, total=1"}}
[debug] [2022-02-23T14:00:14.575Z] [worker-pool] submitWork(triggerId=us-central1-api) {"metadata":{"emulator":{"name":"functions"},"message":"[worker-pool] submitWork(triggerId=us-central1-api)"}}
[debug] [2022-02-23T14:00:14.576Z] [worker-us-central1-api-fae44535-51c0-4227-af91-486acdd91deb]: Assigning socketPath: \\?\pipe\C:\Users\cvmka\OneDrive\Desktop\VScode Folders\Node Projects\royale\functions\12900 {"metadata":{"emulator":{"name":"functions"},"message":"[worker-us-central1-api-fae44535-51c0-4227-af91-486acdd91deb]: Assigning socketPath: \\\\?\\pipe\\C:\\Users\\cvmka\\OneDrive\\Desktop\\VScode Folders\\Node Projects\\royale\\functions\\12900"}}
[debug] [2022-02-23T14:00:14.577Z] [worker-us-central1-api-fae44535-51c0-4227-af91-486acdd91deb]: BUSY {"metadata":{"emulator":{"name":"functions"},"message":"[worker-us-central1-api-fae44535-51c0-4227-af91-486acdd91deb]: BUSY"}}
[debug] [2022-02-23T14:00:41.565Z] [runtime-status] [12900] Functions runtime initialized. {"cwd":"C:\\Users\\cvmka\\OneDrive\\Desktop\\VScode Folders\\Node Projects\\royale\\functions","node_version":"14.18.0"} {"metadata":{"emulator":{"name":"functions"},"function":{"name":"us-central1-api"},"message":"[runtime-status] [12900] Functions runtime initialized. {\"cwd\":\"C:\\\\Users\\\\cvmka\\\\OneDrive\\\\Desktop\\\\VScode Folders\\\\Node Projects\\\\royale\\\\functions\",\"node_version\":\"14.18.0\"}"}}
[debug] [2022-02-23T14:00:41.576Z] [runtime-status] [12900] Disabled runtime features: undefined {"metadata":{"emulator":{"name":"functions"},"function":{"name":"us-central1-api"},"message":"[runtime-status] [12900] Disabled runtime features: undefined"}}
[debug] [2022-02-23T14:00:41.692Z] [runtime-status] [12900] Resolved module firebase-admin {"declared":true,"installed":true,"version":"9.12.0","resolution":"C:\\Users\\cvmka\\OneDrive\\Desktop\\VScode Folders\\Node Projects\\royale\\functions\\node_modules\\firebase-admin\\lib\\index.js"} {"metadata":{"emulator":{"name":"functions"},"function":{"name":"us-central1-api"},"message":"[runtime-status] [12900] Resolved module firebase-admin {\"declared\":true,\"installed\":true,\"version\":\"9.12.0\",\"resolution\":\"C:\\\\Users\\\\cvmka\\\\OneDrive\\\\Desktop\\\\VScode Folders\\\\Node Projects\\\\royale\\\\functions\\\\node_modules\\\\firebase-admin\\\\lib\\\\index.js\"}"}}
[debug] [2022-02-23T14:00:41.723Z] [runtime-status] [12900] Resolved module firebase-functions {"declared":true,"installed":true,"version":"3.18.1","resolution":"C:\\Users\\cvmka\\OneDrive\\Desktop\\VScode Folders\\Node Projects\\royale\\functions\\node_modules\\firebase-functions\\lib\\index.js"} {"metadata":{"emulator":{"name":"functions"},"function":{"name":"us-central1-api"},"message":"[runtime-status] [12900] Resolved module firebase-functions {\"declared\":true,\"installed\":true,\"version\":\"3.18.1\",\"resolution\":\"C:\\\\Users\\\\cvmka\\\\OneDrive\\\\Desktop\\\\VScode Folders\\\\Node Projects\\\\royale\\\\functions\\\\node_modules\\\\firebase-functions\\\\lib\\\\index.js\"}"}}
[debug] [2022-02-23T14:00:41.724Z] [runtime-status] [12900] Outgoing network have been stubbed. [{"name":"http","status":"mocked"},{"name":"http","status":"mocked"},{"name":"https","status":"mocked"},{"name":"https","status":"mocked"},{"name":"net","status":"mocked"}] {"metadata":{"emulator":{"name":"functions"},"function":{"name":"us-central1-api"},"message":"[runtime-status] [12900] Outgoing network have been stubbed. [{\"name\":\"http\",\"status\":\"mocked\"},{\"name\":\"http\",\"status\":\"mocked\"},{\"name\":\"https\",\"status\":\"mocked\"},{\"name\":\"https\",\"status\":\"mocked\"},{\"name\":\"net\",\"status\":\"mocked\"}]"}}
[debug] [2022-02-23T14:00:41.726Z] [runtime-status] [12900] Resolved module firebase-functions {"declared":true,"installed":true,"version":"3.18.1","resolution":"C:\\Users\\cvmka\\OneDrive\\Desktop\\VScode Folders\\Node Projects\\royale\\functions\\node_modules\\firebase-functions\\lib\\index.js"} {"metadata":{"emulator":{"name":"functions"},"function":{"name":"us-central1-api"},"message":"[runtime-status] [12900] Resolved module firebase-functions {\"declared\":true,\"installed\":true,\"version\":\"3.18.1\",\"resolution\":\"C:\\\\Users\\\\cvmka\\\\OneDrive\\\\Desktop\\\\VScode Folders\\\\Node Projects\\\\royale\\\\functions\\\\node_modules\\\\firebase-functions\\\\lib\\\\index.js\"}"}}
[debug] [2022-02-23T14:00:42.858Z] [runtime-status] [12900] Checked functions.config() {"config":{}} {"metadata":{"emulator":{"name":"functions"},"function":{"name":"us-central1-api"},"message":"[runtime-status] [12900] Checked functions.config() {\"config\":{}}"}}
[debug] [2022-02-23T14:00:42.859Z] [runtime-status] [12900] firebase-functions has been stubbed. {"functionsResolution":{"declared":true,"installed":true,"version":"3.18.1","resolution":"C:\\Users\\cvmka\\OneDrive\\Desktop\\VScode Folders\\Node Projects\\royale\\functions\\node_modules\\firebase-functions\\lib\\index.js"}} {"metadata":{"emulator":{"name":"functions"},"function":{"name":"us-central1-api"},"message":"[runtime-status] [12900] firebase-functions has been stubbed. {\"functionsResolution\":{\"declared\":true,\"installed\":true,\"version\":\"3.18.1\",\"resolution\":\"C:\\\\Users\\\\cvmka\\\\OneDrive\\\\Desktop\\\\VScode Folders\\\\Node Projects\\\\royale\\\\functions\\\\node_modules\\\\firebase-functions\\\\lib\\\\index.js\"}}"}}
[debug] [2022-02-23T14:00:42.861Z] [runtime-status] [12900] Resolved module firebase-functions {"declared":true,"installed":true,"version":"3.18.1","resolution":"C:\\Users\\cvmka\\OneDrive\\Desktop\\VScode Folders\\Node Projects\\royale\\functions\\node_modules\\firebase-functions\\lib\\index.js"} {"metadata":{"emulator":{"name":"functions"},"function":{"name":"us-central1-api"},"message":"[runtime-status] [12900] Resolved module firebase-functions {\"declared\":true,\"installed\":true,\"version\":\"3.18.1\",\"resolution\":\"C:\\\\Users\\\\cvmka\\\\OneDrive\\\\Desktop\\\\VScode Folders\\\\Node Projects\\\\royale\\\\functions\\\\node_modules\\\\firebase-functions\\\\lib\\\\index.js\"}"}}
[debug] [2022-02-23T14:00:42.865Z] [runtime-status] [12900] Resolved module firebase-admin {"declared":true,"installed":true,"version":"9.12.0","resolution":"C:\\Users\\cvmka\\OneDrive\\Desktop\\VScode Folders\\Node Projects\\royale\\functions\\node_modules\\firebase-admin\\lib\\index.js"} {"metadata":{"emulator":{"name":"functions"},"function":{"name":"us-central1-api"},"message":"[runtime-status] [12900] Resolved module firebase-admin {\"declared\":true,\"installed\":true,\"version\":\"9.12.0\",\"resolution\":\"C:\\\\Users\\\\cvmka\\\\OneDrive\\\\Desktop\\\\VScode Folders\\\\Node Projects\\\\royale\\\\functions\\\\node_modules\\\\firebase-admin\\\\lib\\\\index.js\"}"}}
[debug] [2022-02-23T14:00:42.866Z] [runtime-status] [12900] Resolved module firebase-functions {"declared":true,"installed":true,"version":"3.18.1","resolution":"C:\\Users\\cvmka\\OneDrive\\Desktop\\VScode Folders\\Node Projects\\royale\\functions\\node_modules\\firebase-functions\\lib\\index.js"} {"metadata":{"emulator":{"name":"functions"},"function":{"name":"us-central1-api"},"message":"[runtime-status] [12900] Resolved module firebase-functions {\"declared\":true,\"installed\":true,\"version\":\"3.18.1\",\"resolution\":\"C:\\\\Users\\\\cvmka\\\\OneDrive\\\\Desktop\\\\VScode Folders\\\\Node Projects\\\\royale\\\\functions\\\\node_modules\\\\firebase-functions\\\\lib\\\\index.js\"}"}}
[debug] [2022-02-23T14:00:42.867Z] [runtime-status] [12900] firebase-admin has been stubbed. {"adminResolution":{"declared":true,"installed":true,"version":"9.12.0","resolution":"C:\\Users\\cvmka\\OneDrive\\Desktop\\VScode Folders\\Node Projects\\royale\\functions\\node_modules\\firebase-admin\\lib\\index.js"}} {"metadata":{"emulator":{"name":"functions"},"function":{"name":"us-central1-api"},"message":"[runtime-status] [12900] firebase-admin has been stubbed. {\"adminResolution\":{\"declared\":true,\"installed\":true,\"version\":\"9.12.0\",\"resolution\":\"C:\\\\Users\\\\cvmka\\\\OneDrive\\\\Desktop\\\\VScode Folders\\\\Node Projects\\\\royale\\\\functions\\\\node_modules\\\\firebase-admin\\\\lib\\\\index.js\"}}"}}
[debug] [2022-02-23T14:00:47.251Z] [runtime-status] [12900] Beginning invocation function api! {"metadata":{"emulator":{"name":"functions"},"function":{"name":"us-central1-api"},"message":"[runtime-status] [12900] Beginning invocation function api!"}}
[info] i  functions: Beginning execution of "api" {"metadata":{"emulator":{"name":"functions"},"function":{"name":"us-central1-api"},"message":"Beginning execution of \"api\""}}
[debug] [2022-02-23T14:00:47.254Z] [runtime-status] [12900] Running api in signature http {"metadata":{"emulator":{"name":"functions"},"function":{"name":"us-central1-api"},"message":"[runtime-status] [12900] Running api in signature http"}}
[debug] [2022-02-23T14:00:47.263Z] [runtime-status] [12900] Attempting to listen to socketPath: \\?\pipe\C:\Users\cvmka\OneDrive\Desktop\VScode Folders\Node Projects\royale\functions\12900 {"metadata":{"emulator":{"name":"functions"},"function":{"name":"us-central1-api"},"message":"[runtime-status] [12900] Attempting to listen to socketPath: \\\\?\\pipe\\C:\\Users\\cvmka\\OneDrive\\Desktop\\VScode Folders\\Node Projects\\royale\\functions\\12900"}}
[debug] [2022-02-23T14:00:47.273Z] [functions] Runtime ready! Sending request! {"metadata":{"emulator":{"name":"functions"},"message":"[functions] Runtime ready! Sending request!"}}
[debug] [2022-02-23T14:00:47.274Z] [functions] Got req.url=/food-hub-eca2e/us-central1/api, mapping to path=/ {"metadata":{"emulator":{"name":"functions"},"message":"[functions] Got req.url=/food-hub-eca2e/us-central1/api, mapping to path=/"}}
[debug] [2022-02-23T14:00:47.285Z] [runtime-status] [12900] Ephemeral server handling GET request {"metadata":{"emulator":{"name":"functions"},"function":{"name":"us-central1-api"},"message":"[runtime-status] [12900] Ephemeral server handling GET request"}}
[debug] [2022-02-23T14:00:47.306Z] [runtime-status] [12900] Ephemeral server survived. {"metadata":{"emulator":{"name":"functions"},"function":{"name":"us-central1-api"},"message":"[runtime-status] [12900] Ephemeral server survived."}}
[info] i  functions: Finished "api" in ~1s {"metadata":{"emulator":{"name":"functions"},"function":{"name":"us-central1-api"},"message":"Finished \"api\" in ~1s"}}
[debug] [2022-02-23T14:00:47.311Z] [worker-us-central1-api-fae44535-51c0-4227-af91-486acdd91deb]: IDLE {"metadata":{"emulator":{"name":"functions"},"message":"[worker-us-central1-api-fae44535-51c0-4227-af91-486acdd91deb]: IDLE"}}
[debug] [2022-02-23T14:00:47.312Z] [work-queue] {"queueLength":0,"workRunningCount":0}
[debug] [2022-02-23T14:00:47.664Z] Functions emulator received unknown request at path /favicon.ico
[debug] [2022-02-23T17:00:31.769Z] File C:\Users\cvmka\OneDrive\Desktop\VScode Folders\Node Projects\royale\functions\index.js changed, reloading triggers {"metadata":{"emulator":{"name":"functions"},"message":"File C:\\Users\\cvmka\\OneDrive\\Desktop\\VScode Folders\\Node Projects\\royale\\functions\\index.js changed, reloading triggers"}}
[debug] [2022-02-23T17:00:32.977Z] [worker-pool] Shutting down IDLE worker (us-central1-api) {"metadata":{"emulator":{"name":"functions"},"message":"[worker-pool] Shutting down IDLE worker (us-central1-api)"}}
[debug] [2022-02-23T17:00:32.978Z] [worker-us-central1-api-fae44535-51c0-4227-af91-486acdd91deb]: FINISHING {"metadata":{"emulator":{"name":"functions"},"message":"[worker-us-central1-api-fae44535-51c0-4227-af91-486acdd91deb]: FINISHING"}}
[debug] [2022-02-23T17:00:33.055Z] Validating nodejs source
[debug] [2022-02-23T17:01:29.851Z] > [functions] package.json contents: {
  "name": "functions",
  "description": "Cloud Functions for Firebase",
  "scripts": {
    "lint": "eslint .",
    "serve": "firebase emulators:start --only functions",
    "shell": "firebase functions:shell",
    "start": "npm run shell",
    "deploy": "firebase deploy --only functions",
    "logs": "firebase functions:log"
  },
  "engines": {
    "node": "16"
  },
  "main": "index.js",
  "dependencies": {
    "cors": "^2.8.5",
    "express": "^4.17.3",
    "firebase-admin": "^9.8.0",
    "firebase-functions": "^3.14.1",
    "stripe": "^8.203.0"
  },
  "devDependencies": {
    "eslint": "^7.6.0",
    "eslint-config-google": "^0.14.0",
    "firebase-functions-test": "^0.2.0"
  },
  "private": true
}
[debug] [2022-02-23T17:01:29.853Z] Building nodejs source
[debug] [2022-02-23T17:01:29.853Z] Analyzing nodejs backend spec
[debug] [2022-02-23T17:01:29.868Z] [worker-us-central1-api-fae44535-51c0-4227-af91-486acdd91deb]: exited {"metadata":{"emulator":{"name":"functions"},"message":"[worker-us-central1-api-fae44535-51c0-4227-af91-486acdd91deb]: exited"}}
[debug] [2022-02-23T17:01:29.868Z] [worker-us-central1-api-fae44535-51c0-4227-af91-486acdd91deb]: FINISHED {"metadata":{"emulator":{"name":"functions"},"message":"[worker-us-central1-api-fae44535-51c0-4227-af91-486acdd91deb]: FINISHED"}}
[debug] [2022-02-23T17:01:30.015Z] File C:\Users\cvmka\OneDrive\Desktop\VScode Folders\Node Projects\royale\functions\index.js changed, reloading triggers {"metadata":{"emulator":{"name":"functions"},"message":"File C:\\Users\\cvmka\\OneDrive\\Desktop\\VScode Folders\\Node Projects\\royale\\functions\\index.js changed, reloading triggers"}}
[debug] [2022-02-23T17:01:31.023Z] Validating nodejs source
[debug] [2022-02-23T17:01:38.470Z] > [functions] package.json contents: {
  "name": "functions",
  "description": "Cloud Functions for Firebase",
  "scripts": {
    "lint": "eslint .",
    "serve": "firebase emulators:start --only functions",
    "shell": "firebase functions:shell",
    "start": "npm run shell",
    "deploy": "firebase deploy --only functions",
    "logs": "firebase functions:log"
  },
  "engines": {
    "node": "16"
  },
  "main": "index.js",
  "dependencies": {
    "cors": "^2.8.5",
    "express": "^4.17.3",
    "firebase-admin": "^9.8.0",
    "firebase-functions": "^3.14.1",
    "stripe": "^8.203.0"
  },
  "devDependencies": {
    "eslint": "^7.6.0",
    "eslint-config-google": "^0.14.0",
    "firebase-functions-test": "^0.2.0"
  },
  "private": true
}
[debug] [2022-02-23T17:01:38.470Z] Building nodejs source
[debug] [2022-02-23T17:01:38.470Z] Analyzing nodejs backend spec
[debug] [2022-02-23T17:05:26.451Z] File C:\Users\cvmka\OneDrive\Desktop\VScode Folders\Node Projects\royale\functions\index.js changed, reloading triggers {"metadata":{"emulator":{"name":"functions"},"message":"File C:\\Users\\cvmka\\OneDrive\\Desktop\\VScode Folders\\Node Projects\\royale\\functions\\index.js changed, reloading triggers"}}
[debug] [2022-02-23T17:05:27.466Z] Validating nodejs source
[debug] [2022-02-23T17:05:38.170Z] > [functions] package.json contents: {
  "name": "functions",
  "description": "Cloud Functions for Firebase",
  "scripts": {
    "lint": "eslint .",
    "serve": "firebase emulators:start --only functions",
    "shell": "firebase functions:shell",
    "start": "npm run shell",
    "deploy": "firebase deploy --only functions",
    "logs": "firebase functions:log"
  },
  "engines": {
    "node": "16"
  },
  "main": "index.js",
  "dependencies": {
    "cors": "^2.8.5",
    "express": "^4.17.3",
    "firebase-admin": "^9.8.0",
    "firebase-functions": "^3.14.1",
    "stripe": "^8.203.0"
  },
  "devDependencies": {
    "eslint": "^7.6.0",
    "eslint-config-google": "^0.14.0",
    "firebase-functions-test": "^0.2.0"
  },
  "private": true
}
[debug] [2022-02-23T17:05:38.171Z] Building nodejs source
[debug] [2022-02-23T17:05:38.171Z] Analyzing nodejs backend spec
[debug] [2022-02-23T17:24:13.876Z] File C:\Users\cvmka\OneDrive\Desktop\VScode Folders\Node Projects\royale\functions\index.js changed, reloading triggers {"metadata":{"emulator":{"name":"functions"},"message":"File C:\\Users\\cvmka\\OneDrive\\Desktop\\VScode Folders\\Node Projects\\royale\\functions\\index.js changed, reloading triggers"}}
[debug] [2022-02-23T17:24:14.883Z] Validating nodejs source
[debug] [2022-02-23T17:24:21.939Z] > [functions] package.json contents: {
  "name": "functions",
  "description": "Cloud Functions for Firebase",
  "scripts": {
    "lint": "eslint .",
    "serve": "firebase emulators:start --only functions",
    "shell": "firebase functions:shell",
    "start": "npm run shell",
    "deploy": "firebase deploy --only functions",
    "logs": "firebase functions:log"
  },
  "engines": {
    "node": "16"
  },
  "main": "index.js",
  "dependencies": {
    "cors": "^2.8.5",
    "express": "^4.17.3",
    "firebase-admin": "^9.8.0",
    "firebase-functions": "^3.14.1",
    "stripe": "^8.203.0"
  },
  "devDependencies": {
    "eslint": "^7.6.0",
    "eslint-config-google": "^0.14.0",
    "firebase-functions-test": "^0.2.0"
  },
  "private": true
}
[debug] [2022-02-23T17:24:21.939Z] Building nodejs source
[debug] [2022-02-23T17:24:21.940Z] Analyzing nodejs backend spec
[debug] [2022-02-23T17:41:41.478Z] File C:\Users\cvmka\OneDrive\Desktop\VScode Folders\Node Projects\royale\functions\index.js changed, reloading triggers {"metadata":{"emulator":{"name":"functions"},"message":"File C:\\Users\\cvmka\\OneDrive\\Desktop\\VScode Folders\\Node Projects\\royale\\functions\\index.js changed, reloading triggers"}}
[debug] [2022-02-23T17:41:42.525Z] Validating nodejs source
[debug] [2022-02-23T17:42:03.781Z] > [functions] package.json contents: {
  "name": "functions",
  "description": "Cloud Functions for Firebase",
  "scripts": {
    "lint": "eslint .",
    "serve": "firebase emulators:start --only functions",
    "shell": "firebase functions:shell",
    "start": "npm run shell",
    "deploy": "firebase deploy --only functions",
    "logs": "firebase functions:log"
  },
  "engines": {
    "node": "16"
  },
  "main": "index.js",
  "dependencies": {
    "cors": "^2.8.5",
    "express": "^4.17.3",
    "firebase-admin": "^9.8.0",
    "firebase-functions": "^3.14.1",
    "stripe": "^8.203.0"
  },
  "devDependencies": {
    "eslint": "^7.6.0",
    "eslint-config-google": "^0.14.0",
    "firebase-functions-test": "^0.2.0"
  },
  "private": true
}
[debug] [2022-02-23T17:42:03.782Z] Building nodejs source
[debug] [2022-02-23T17:42:03.783Z] Analyzing nodejs backend spec
[debug] [2022-02-23T17:43:05.457Z] File C:\Users\cvmka\OneDrive\Desktop\VScode Folders\Node Projects\royale\functions\index.js changed, reloading triggers {"metadata":{"emulator":{"name":"functions"},"message":"File C:\\Users\\cvmka\\OneDrive\\Desktop\\VScode Folders\\Node Projects\\royale\\functions\\index.js changed, reloading triggers"}}
[debug] [2022-02-23T17:43:06.463Z] Validating nodejs source
[debug] [2022-02-23T17:43:15.496Z] > [functions] package.json contents: {
  "name": "functions",
  "description": "Cloud Functions for Firebase",
  "scripts": {
    "lint": "eslint .",
    "serve": "firebase emulators:start --only functions",
    "shell": "firebase functions:shell",
    "start": "npm run shell",
    "deploy": "firebase deploy --only functions",
    "logs": "firebase functions:log"
  },
  "engines": {
    "node": "16"
  },
  "main": "index.js",
  "dependencies": {
    "cors": "^2.8.5",
    "express": "^4.17.3",
    "firebase-admin": "^9.8.0",
    "firebase-functions": "^3.14.1",
    "stripe": "^8.203.0"
  },
  "devDependencies": {
    "eslint": "^7.6.0",
    "eslint-config-google": "^0.14.0",
    "firebase-functions-test": "^0.2.0"
  },
  "private": true
}
[debug] [2022-02-23T17:43:15.497Z] Building nodejs source
[debug] [2022-02-23T17:43:15.497Z] Analyzing nodejs backend spec
[debug] [2022-02-23T17:43:15.542Z] File C:\Users\cvmka\OneDrive\Desktop\VScode Folders\Node Projects\royale\functions\index.js changed, reloading triggers {"metadata":{"emulator":{"name":"functions"},"message":"File C:\\Users\\cvmka\\OneDrive\\Desktop\\VScode Folders\\Node Projects\\royale\\functions\\index.js changed, reloading triggers"}}
[debug] [2022-02-23T17:43:16.549Z] Validating nodejs source
[debug] [2022-02-23T17:43:24.956Z] > [functions] package.json contents: {
  "name": "functions",
  "description": "Cloud Functions for Firebase",
  "scripts": {
    "lint": "eslint .",
    "serve": "firebase emulators:start --only functions",
    "shell": "firebase functions:shell",
    "start": "npm run shell",
    "deploy": "firebase deploy --only functions",
    "logs": "firebase functions:log"
  },
  "engines": {
    "node": "16"
  },
  "main": "index.js",
  "dependencies": {
    "cors": "^2.8.5",
    "express": "^4.17.3",
    "firebase-admin": "^9.8.0",
    "firebase-functions": "^3.14.1",
    "stripe": "^8.203.0"
  },
  "devDependencies": {
    "eslint": "^7.6.0",
    "eslint-config-google": "^0.14.0",
    "firebase-functions-test": "^0.2.0"
  },
  "private": true
}
[debug] [2022-02-23T17:43:24.956Z] Building nodejs source
[debug] [2022-02-23T17:43:24.957Z] Analyzing nodejs backend spec
[debug] [2022-02-23T17:44:13.768Z] File C:\Users\cvmka\OneDrive\Desktop\VScode Folders\Node Projects\royale\functions\index.js changed, reloading triggers {"metadata":{"emulator":{"name":"functions"},"message":"File C:\\Users\\cvmka\\OneDrive\\Desktop\\VScode Folders\\Node Projects\\royale\\functions\\index.js changed, reloading triggers"}}
[debug] [2022-02-23T17:44:14.817Z] Validating nodejs source
[debug] [2022-02-23T17:44:22.657Z] > [functions] package.json contents: {
  "name": "functions",
  "description": "Cloud Functions for Firebase",
  "scripts": {
    "lint": "eslint .",
    "serve": "firebase emulators:start --only functions",
    "shell": "firebase functions:shell",
    "start": "npm run shell",
    "deploy": "firebase deploy --only functions",
    "logs": "firebase functions:log"
  },
  "engines": {
    "node": "16"
  },
  "main": "index.js",
  "dependencies": {
    "cors": "^2.8.5",
    "express": "^4.17.3",
    "firebase-admin": "^9.8.0",
    "firebase-functions": "^3.14.1",
    "stripe": "^8.203.0"
  },
  "devDependencies": {
    "eslint": "^7.6.0",
    "eslint-config-google": "^0.14.0",
    "firebase-functions-test": "^0.2.0"
  },
  "private": true
}
[debug] [2022-02-23T17:44:22.658Z] Building nodejs source
[debug] [2022-02-23T17:44:22.658Z] Analyzing nodejs backend spec
[debug] [2022-02-23T17:47:30.518Z] File C:\Users\cvmka\OneDrive\Desktop\VScode Folders\Node Projects\royale\functions\index.js changed, reloading triggers {"metadata":{"emulator":{"name":"functions"},"message":"File C:\\Users\\cvmka\\OneDrive\\Desktop\\VScode Folders\\Node Projects\\royale\\functions\\index.js changed, reloading triggers"}}
[debug] [2022-02-23T17:47:31.535Z] Validating nodejs source
[debug] [2022-02-23T17:47:42.435Z] > [functions] package.json contents: {
  "name": "functions",
  "description": "Cloud Functions for Firebase",
  "scripts": {
    "lint": "eslint .",
    "serve": "firebase emulators:start --only functions",
    "shell": "firebase functions:shell",
    "start": "npm run shell",
    "deploy": "firebase deploy --only functions",
    "logs": "firebase functions:log"
  },
  "engines": {
    "node": "16"
  },
  "main": "index.js",
  "dependencies": {
    "cors": "^2.8.5",
    "express": "^4.17.3",
    "firebase-admin": "^9.8.0",
    "firebase-functions": "^3.14.1",
    "stripe": "^8.203.0"
  },
  "devDependencies": {
    "eslint": "^7.6.0",
    "eslint-config-google": "^0.14.0",
    "firebase-functions-test": "^0.2.0"
  },
  "private": true
}
[debug] [2022-02-23T17:47:42.436Z] Building nodejs source
[debug] [2022-02-23T17:47:42.436Z] Analyzing nodejs backend spec
[debug] [2022-02-23T17:51:12.812Z] File C:\Users\cvmka\OneDrive\Desktop\VScode Folders\Node Projects\royale\functions\index.js changed, reloading triggers {"metadata":{"emulator":{"name":"functions"},"message":"File C:\\Users\\cvmka\\OneDrive\\Desktop\\VScode Folders\\Node Projects\\royale\\functions\\index.js changed, reloading triggers"}}
[debug] [2022-02-23T17:51:13.829Z] Validating nodejs source
[debug] [2022-02-23T17:51:45.739Z] > [functions] package.json contents: {
  "name": "functions",
  "description": "Cloud Functions for Firebase",
  "scripts": {
    "lint": "eslint .",
    "serve": "firebase emulators:start --only functions",
    "shell": "firebase functions:shell",
    "start": "npm run shell",
    "deploy": "firebase deploy --only functions",
    "logs": "firebase functions:log"
  },
  "engines": {
    "node": "16"
  },
  "main": "index.js",
  "dependencies": {
    "cors": "^2.8.5",
    "express": "^4.17.3",
    "firebase-admin": "^9.8.0",
    "firebase-functions": "^3.14.1",
    "stripe": "^8.203.0"
  },
  "devDependencies": {
    "eslint": "^7.6.0",
    "eslint-config-google": "^0.14.0",
    "firebase-functions-test": "^0.2.0"
  },
  "private": true
}
[debug] [2022-02-23T17:51:45.740Z] Building nodejs source
[debug] [2022-02-23T17:51:45.740Z] Analyzing nodejs backend spec
[debug] [2022-02-23T17:51:45.834Z] File C:\Users\cvmka\OneDrive\Desktop\VScode Folders\Node Projects\royale\functions\index.js changed, reloading triggers {"metadata":{"emulator":{"name":"functions"},"message":"File C:\\Users\\cvmka\\OneDrive\\Desktop\\VScode Folders\\Node Projects\\royale\\functions\\index.js changed, reloading triggers"}}
[debug] [2022-02-23T17:51:46.838Z] Validating nodejs source
[debug] [2022-02-23T17:52:02.103Z] > [functions] package.json contents: {
  "name": "functions",
  "description": "Cloud Functions for Firebase",
  "scripts": {
    "lint": "eslint .",
    "serve": "firebase emulators:start --only functions",
    "shell": "firebase functions:shell",
    "start": "npm run shell",
    "deploy": "firebase deploy --only functions",
    "logs": "firebase functions:log"
  },
  "engines": {
    "node": "16"
  },
  "main": "index.js",
  "dependencies": {
    "cors": "^2.8.5",
    "express": "^4.17.3",
    "firebase-admin": "^9.8.0",
    "firebase-functions": "^3.14.1",
    "stripe": "^8.203.0"
  },
  "devDependencies": {
    "eslint": "^7.6.0",
    "eslint-config-google": "^0.14.0",
    "firebase-functions-test": "^0.2.0"
  },
  "private": true
}
[debug] [2022-02-23T17:52:02.103Z] Building nodejs source
[debug] [2022-02-23T17:52:02.104Z] Analyzing nodejs backend spec
[debug] [2022-02-23T18:00:37.867Z] File C:\Users\cvmka\OneDrive\Desktop\VScode Folders\Node Projects\royale\functions\index.js changed, reloading triggers {"metadata":{"emulator":{"name":"functions"},"message":"File C:\\Users\\cvmka\\OneDrive\\Desktop\\VScode Folders\\Node Projects\\royale\\functions\\index.js changed, reloading triggers"}}
[debug] [2022-02-23T18:00:38.884Z] Validating nodejs source
[debug] [2022-02-23T18:01:13.803Z] > [functions] package.json contents: {
  "name": "functions",
  "description": "Cloud Functions for Firebase",
  "scripts": {
    "lint": "eslint .",
    "serve": "firebase emulators:start --only functions",
    "shell": "firebase functions:shell",
    "start": "npm run shell",
    "deploy": "firebase deploy --only functions",
    "logs": "firebase functions:log"
  },
  "engines": {
    "node": "16"
  },
  "main": "index.js",
  "dependencies": {
    "cors": "^2.8.5",
    "express": "^4.17.3",
    "firebase-admin": "^9.8.0",
    "firebase-functions": "^3.14.1",
    "stripe": "^8.203.0"
  },
  "devDependencies": {
    "eslint": "^7.6.0",
    "eslint-config-google": "^0.14.0",
    "firebase-functions-test": "^0.2.0"
  },
  "private": true
}
[debug] [2022-02-23T18:01:13.804Z] Building nodejs source
[debug] [2022-02-23T18:01:13.804Z] Analyzing nodejs backend spec
[debug] [2022-02-23T18:44:30.482Z] File C:\Users\cvmka\OneDrive\Desktop\VScode Folders\Node Projects\royale\functions\index.js changed, reloading triggers {"metadata":{"emulator":{"name":"functions"},"message":"File C:\\Users\\cvmka\\OneDrive\\Desktop\\VScode Folders\\Node Projects\\royale\\functions\\index.js changed, reloading triggers"}}
[debug] [2022-02-23T18:44:30.940Z] File C:\Users\cvmka\OneDrive\Desktop\VScode Folders\Node Projects\royale\functions\index.js changed, reloading triggers {"metadata":{"emulator":{"name":"functions"},"message":"File C:\\Users\\cvmka\\OneDrive\\Desktop\\VScode Folders\\Node Projects\\royale\\functions\\index.js changed, reloading triggers"}}
[debug] [2022-02-23T18:44:31.179Z] File C:\Users\cvmka\OneDrive\Desktop\VScode Folders\Node Projects\royale\functions\index.js changed, reloading triggers {"metadata":{"emulator":{"name":"functions"},"message":"File C:\\Users\\cvmka\\OneDrive\\Desktop\\VScode Folders\\Node Projects\\royale\\functions\\index.js changed, reloading triggers"}}
[debug] [2022-02-23T18:44:31.462Z] File C:\Users\cvmka\OneDrive\Desktop\VScode Folders\Node Projects\royale\functions\index.js changed, reloading triggers {"metadata":{"emulator":{"name":"functions"},"message":"File C:\\Users\\cvmka\\OneDrive\\Desktop\\VScode Folders\\Node Projects\\royale\\functions\\index.js changed, reloading triggers"}}
[debug] [2022-02-23T18:44:32.440Z] File C:\Users\cvmka\OneDrive\Desktop\VScode Folders\Node Projects\royale\functions\index.js changed, reloading triggers {"metadata":{"emulator":{"name":"functions"},"message":"File C:\\Users\\cvmka\\OneDrive\\Desktop\\VScode Folders\\Node Projects\\royale\\functions\\index.js changed, reloading triggers"}}
[debug] [2022-02-23T18:44:33.941Z] Validating nodejs source
[debug] [2022-02-23T18:45:20.536Z] > [functions] package.json contents: {
  "name": "functions",
  "description": "Cloud Functions for Firebase",
  "scripts": {
    "lint": "eslint .",
    "serve": "firebase emulators:start --only functions",
    "shell": "firebase functions:shell",
    "start": "npm run shell",
    "deploy": "firebase deploy --only functions",
    "logs": "firebase functions:log"
  },
  "engines": {
    "node": "16"
  },
  "main": "index.js",
  "dependencies": {
    "cors": "^2.8.5",
    "express": "^4.17.3",
    "firebase-admin": "^9.8.0",
    "firebase-functions": "^3.14.1",
    "stripe": "^8.203.0"
  },
  "devDependencies": {
    "eslint": "^7.6.0",
    "eslint-config-google": "^0.14.0",
    "firebase-functions-test": "^0.2.0"
  },
  "private": true
}
[debug] [2022-02-23T18:45:20.537Z] Building nodejs source
[debug] [2022-02-23T18:45:20.595Z] Analyzing nodejs backend spec
[debug] [2022-02-23T18:45:21.274Z] File C:\Users\cvmka\OneDrive\Desktop\VScode Folders\Node Projects\royale\functions\index.js changed, reloading triggers {"metadata":{"emulator":{"name":"functions"},"message":"File C:\\Users\\cvmka\\OneDrive\\Desktop\\VScode Folders\\Node Projects\\royale\\functions\\index.js changed, reloading triggers"}}
[debug] [2022-02-23T18:45:22.285Z] Validating nodejs source
[debug] [2022-02-23T18:45:33.510Z] > [functions] package.json contents: {
  "name": "functions",
  "description": "Cloud Functions for Firebase",
  "scripts": {
    "lint": "eslint .",
    "serve": "firebase emulators:start --only functions",
    "shell": "firebase functions:shell",
    "start": "npm run shell",
    "deploy": "firebase deploy --only functions",
    "logs": "firebase functions:log"
  },
  "engines": {
    "node": "16"
  },
  "main": "index.js",
  "dependencies": {
    "cors": "^2.8.5",
    "express": "^4.17.3",
    "firebase-admin": "^9.8.0",
    "firebase-functions": "^3.14.1",
    "stripe": "^8.203.0"
  },
  "devDependencies": {
    "eslint": "^7.6.0",
    "eslint-config-google": "^0.14.0",
    "firebase-functions-test": "^0.2.0"
  },
  "private": true
}
[debug] [2022-02-23T18:45:33.511Z] Building nodejs source
[debug] [2022-02-23T18:45:33.511Z] Analyzing nodejs backend spec
